1589852093323	mozrunner::runner	INFO	Running command: "C:\\Program Files\\Mozilla Firefox\\firefox.exe" "-marionette" "-foreground" "-no-remote" "-profile" "C:\\Users\\fa5xktm\\AppData\\Local\\Temp\\3\\rust_mozprofileaRsEoq"
1589852094933	addons.webextension.screenshots@mozilla.org	WARN	Loading extension 'screenshots@mozilla.org': Reading manifest: Invalid extension permission: mozillaAddons
1589852094933	addons.webextension.screenshots@mozilla.org	WARN	Loading extension 'screenshots@mozilla.org': Reading manifest: Invalid extension permission: telemetry
1589852094933	addons.webextension.screenshots@mozilla.org	WARN	Loading extension 'screenshots@mozilla.org': Reading manifest: Invalid extension permission: resource://pdf.js/
1589852094935	addons.webextension.screenshots@mozilla.org	WARN	Loading extension 'screenshots@mozilla.org': Reading manifest: Invalid extension permission: about:reader*
JavaScript error: undefined, line 14: Error: An unexpected error occurred
JavaScript error: moz-extension://60775954-2019-4dcc-8382-2c93801c0e7f/lib/picture_in_picture_overrides.js, line 15: Error: Incorrect argument types for pictureInPictureParent.setOverrides.
JavaScript error: resource:///modules/sessionstore/SessionStore.jsm, line 1325: uncaught exception: 2147746065
1589852097619	Marionette	INFO	Listening on port 51878
1589852098102	Marionette	WARN	TLS certificate errors will be ignored for this session
[Parent 13992, Gecko_IOThread] WARNING: pipe error: 109: file z:/task_1585938899/build/src/ipc/chromium/src/chrome/common/ipc_channel_win.cc, line 341
[Parent 13992, Gecko_IOThread] WARNING: pipe error: 109: file z:/task_1585938899/build/src/ipc/chromium/src/chrome/common/ipc_channel_win.cc, line 341
[Child 20380, Chrome_ChildThread] WARNING: pipe error: 109: file z:/task_1585938899/build/src/ipc/chromium/src/chrom[Child 2252, Cherome_ChildThread] W/common/iARNING: pc_channel_win.cc, line 341
pipe error: 109: file z:/task_1585938899/build/src/ipc/chromium/src/chrome/common/ipc_channel_win.cc, line 341
[Child[Parent 13992, Gecko_IOThread] WARNING: pipe error: 109: file z:/task_1585938899/build/src/ipc/chromium/src/chrome/common/ipc_channel_win.cc, line 341
[Child 11000, Chrome_ChildThread] WARNING: pipe error: 109: file z:/task_1585938899/build/src/ipc/chromium/src/chrome/common/ipc_channel_win.cc, line 341
[Child 11589855330973	Marionette	INFO	Stopped listening on port 51878

###!!! [Child][RunMessage] Error: Channel closing: too late to send/recv, messages will be lost

[GPU 83
###!!! [Child][MessageChannel::SendAndWait] Error: Channel error: cannot send/recv

